
{"level":"info","message":"Server is running on port 5000","timestamp":"2024-10-23T12:30:57.454Z"}
{"level":"info","message":"Received message: hi","timestamp":"2024-10-23T12:31:07.762Z"}
{"level":"error","message":"Error during processing request: ","timestamp":"2024-10-23T12:31:07.784Z"}
{"level":"info","message":"Received message: What is UptoSkills","timestamp":"2024-10-23T12:31:16.621Z"}
{"level":"error","message":"Error during processing request: ","timestamp":"2024-10-23T12:31:16.623Z"}
{"level":"info","message":"Server is running on port 5000","timestamp":"2024-10-23T12:33:38.756Z"}
{"level":"info","message":"Received message: Hi","timestamp":"2024-10-23T12:33:47.842Z"}
{"level":"error","message":"Error during processing request: ","timestamp":"2024-10-23T12:33:47.865Z"}
{"level":"info","message":"Server is running on port 5000","timestamp":"2024-10-23T12:34:45.429Z"}
{"level":"info","message":"Received message: Hi","timestamp":"2024-10-23T12:34:53.934Z"}
{"level":"error","message":"Error during processing request: ","timestamp":"2024-10-23T12:34:53.955Z"}
{"level":"info","message":"Received message: What Is UptoSkills","timestamp":"2024-10-23T12:35:02.334Z"}
{"level":"error","message":"Error during processing request: ","timestamp":"2024-10-23T12:35:02.338Z"}
{"level":"info","message":"Server is running on port 5000","timestamp":"2024-10-23T14:23:03.454Z"}
{"level":"info","message":"Received message: Hi","timestamp":"2024-10-23T14:23:13.157Z"}
{"level":"error","message":"Error during processing request: Request failed with status code 404","timestamp":"2024-10-23T14:23:13.218Z"}
{"level":"info","message":"Received message: Hi","timestamp":"2024-10-23T14:25:37.332Z"}
{"level":"error","message":"Error during processing request: Request failed with status code 404","timestamp":"2024-10-23T14:25:37.345Z"}
{"level":"info","message":"Received message: Hello","timestamp":"2024-10-23T14:32:30.283Z"}
{"level":"error","message":"Error during processing request: Request failed with status code 404","timestamp":"2024-10-23T14:32:30.294Z"}
{"level":"info","message":"Server is running on port 5000","timestamp":"2024-10-23T14:33:45.103Z"}
{"level":"info","message":"Received message: Hi","timestamp":"2024-10-23T14:34:10.842Z"}
{"level":"error","message":"Error during processing request: Request failed with status code 404","timestamp":"2024-10-23T14:34:10.898Z"}
{"level":"info","message":"Server is running on port 5000","timestamp":"2024-10-23T14:52:09.928Z"}
{"level":"info","message":"Received message: Hi","timestamp":"2024-10-23T14:52:39.761Z"}
{"level":"error","message":"Error during processing request: ","timestamp":"2024-10-23T14:52:39.803Z"}
{"level":"info","message":"Received message: Hi","timestamp":"2024-10-23T14:54:00.749Z"}
{"level":"error","message":"Error during processing request: Request failed with status code 404","timestamp":"2024-10-23T14:54:00.762Z"}
{"level":"info","message":"Server is running on port 5000","timestamp":"2024-10-23T14:56:12.660Z"}
{"level":"info","message":"Server is running on port 5000","timestamp":"2024-10-24T15:00:18.630Z"}
{"level":"info","message":"Server is running on port 5000","timestamp":"2024-10-24T15:24:51.135Z"}
{"level":"info","message":"Server is running on port 5000","timestamp":"2024-10-24T15:26:02.771Z"}
{"level":"info","message":"Server is running on port 5000","timestamp":"2024-10-24T15:27:03.168Z"}
{"level":"info","message":"Server is running on port 5000","timestamp":"2024-10-24T15:59:53.357Z"}
{"level":"info","message":"Server is running on port 5000","timestamp":"2024-10-25T11:49:15.356Z"}
{"level":"info","message":"Server is running on port 5000","timestamp":"2024-10-25T12:16:16.496Z"}
{"level":"info","message":"Server is running on port 5000","timestamp":"2024-10-25T12:54:17.592Z"}
{"level":"info","message":"Server is running on port 5000","timestamp":"2024-10-25T13:25:08.464Z"}
{"level":"info","message":"Server is running on port 5000","timestamp":"2024-10-25T13:28:07.801Z"}
{"level":"info","message":"Server is running on port 5000","timestamp":"2024-10-25T13:46:22.091Z"}
{"level":"info","message":"Server is running on port 5000","timestamp":"2024-10-25T14:02:06.260Z"}
{"level":"info","message":"Server is running on port 5000","timestamp":"2024-10-26T15:28:06.367Z"}
{"level":"info","message":"Server is running on port 5000","timestamp":"2024-10-27T03:09:07.825Z"}
{"level":"info","message":"Server is running on port 5000","timestamp":"2024-10-28T15:17:20.364Z"}
{"level":"info","message":"Server is running on port 5000","timestamp":"2025-01-06T06:24:01.917Z"}
{"level":"info","message":"Server is running on port 5000","timestamp":"2025-01-29T06:11:06.179Z"}
{"level":"info","message":"Server is running on port 5000","timestamp":"2025-01-29T06:15:32.607Z"}
{"level":"info","message":"Server is running on port 5000","timestamp":"2025-01-29T07:00:04.483Z"}
{"level":"info","message":"Server is running on port 5000","timestamp":"2025-01-29T07:01:17.075Z"}
